JobID           JobName     MaxRSS    Elapsed
------------ ---------- ---------- ----------
31811459            mpi              00:00:55
31811459.ba+      batch      7097K   00:00:55
31811459.ex+     extern       120K   00:00:55
31811459.0   miniTri.e+   4911746K   00:00:53

**********************************************************************
Enumerating triangles .....
**********************************************************************
--------------------
Creating incidence matrix B... done
TIME - Time to create B: 0.100759
--------------------
--------------------
C = A*B:
TIME - Time to compute C = L*B: 51.7797
--------------------
NNZ: 0
**********************************************************************
Finished triangle enumeration
**********************************************************************
Number of Triangles: 0
**********************************************************************
Calculating triangle degrees .....
**********************************************************************
--------------------
Computing triangle vertex degrees ... done
TIME - Time to compute vertex degrees: 0.000453
--------------------
Computing triangle edge degrees ... done
TIME - Time to compute edge degrees: 0.000298
**********************************************************************
Finished calculating triangle degrees
**********************************************************************
**********************************************************************
Calculating K-counts .....
**********************************************************************
**********************************************************************
Finished calculating K-counts
**********************************************************************
K-Counts:
K[3] = 0
K[4] = 0
K[5] = 0
K[6] = 0
K[7] = 0
K[8] = 0
K[9] = 0
K[10] = 0
K[11] = 0
K[12] = 0
K[13] = 0
K[14] = 0
K[15] = 0
K[16] = 0
K[17] = 0
K[18] = 0
K[19] = 0
K[20] = 0
K[21] = 0
K[22] = 0
K[23] = 0
K[24] = 0
K[25] = 0
K[26] = 0
K[27] = 0
K[28] = 0
K[29] = 0
K[30] = 0
K[31] = 0
K[32] = 0
K[33] = 0
K[34] = 0
K[35] = 0
K[36] = 0
K[37] = 0
K[38] = 0
K[39] = 0
K[40] = 0
K[41] = 0
K[42] = 0
K[43] = 0
K[44] = 0
K[45] = 0
K[46] = 0
K[47] = 0
K[48] = 0
K[49] = 0
K[50] = 0
K[51] = 0
K[52] = 0
K[53] = 0
K[54] = 0
